ARM GAS  /tmp/ccViCs7D.s 			page 1


   1              		.cpu cortex-m3
   2              		.arch armv7-m
   3              		.fpu softvfp
   4              		.eabi_attribute 20, 1
   5              		.eabi_attribute 21, 1
   6              		.eabi_attribute 23, 3
   7              		.eabi_attribute 24, 1
   8              		.eabi_attribute 25, 1
   9              		.eabi_attribute 26, 1
  10              		.eabi_attribute 30, 1
  11              		.eabi_attribute 34, 1
  12              		.eabi_attribute 18, 4
  13              		.file	"usbd_desc.c"
  14              		.text
  15              	.Ltext0:
  16              		.cfi_sections	.debug_frame
  17              		.file 1 "USB_DEVICE/App/usbd_desc.c"
  18              		.section	.text.USBD_FS_DeviceDescriptor,"ax",%progbits
  19              		.align	1
  20              		.global	USBD_FS_DeviceDescriptor
  21              		.syntax unified
  22              		.thumb
  23              		.thumb_func
  25              	USBD_FS_DeviceDescriptor:
  26              	.LVL0:
  27              	.LFB68:
   1:USB_DEVICE/App/usbd_desc.c **** /* USER CODE BEGIN Header */
   2:USB_DEVICE/App/usbd_desc.c **** /**
   3:USB_DEVICE/App/usbd_desc.c ****   ******************************************************************************
   4:USB_DEVICE/App/usbd_desc.c ****   * @file           : App/usbd_desc.c
   5:USB_DEVICE/App/usbd_desc.c ****   * @version        : v2.0_Cube
   6:USB_DEVICE/App/usbd_desc.c ****   * @brief          : This file implements the USB device descriptors.
   7:USB_DEVICE/App/usbd_desc.c ****   ******************************************************************************
   8:USB_DEVICE/App/usbd_desc.c ****   * @attention
   9:USB_DEVICE/App/usbd_desc.c ****   *
  10:USB_DEVICE/App/usbd_desc.c ****   * Copyright (c) 2022 STMicroelectronics.
  11:USB_DEVICE/App/usbd_desc.c ****   * All rights reserved.
  12:USB_DEVICE/App/usbd_desc.c ****   *
  13:USB_DEVICE/App/usbd_desc.c ****   * This software is licensed under terms that can be found in the LICENSE file
  14:USB_DEVICE/App/usbd_desc.c ****   * in the root directory of this software component.
  15:USB_DEVICE/App/usbd_desc.c ****   * If no LICENSE file comes with this software, it is provided AS-IS.
  16:USB_DEVICE/App/usbd_desc.c ****   *
  17:USB_DEVICE/App/usbd_desc.c ****   ******************************************************************************
  18:USB_DEVICE/App/usbd_desc.c ****   */
  19:USB_DEVICE/App/usbd_desc.c **** /* USER CODE END Header */
  20:USB_DEVICE/App/usbd_desc.c **** 
  21:USB_DEVICE/App/usbd_desc.c **** /* Includes ------------------------------------------------------------------*/
  22:USB_DEVICE/App/usbd_desc.c **** #include "usbd_core.h"
  23:USB_DEVICE/App/usbd_desc.c **** #include "usbd_desc.h"
  24:USB_DEVICE/App/usbd_desc.c **** #include "usbd_conf.h"
  25:USB_DEVICE/App/usbd_desc.c **** 
  26:USB_DEVICE/App/usbd_desc.c **** /* USER CODE BEGIN INCLUDE */
  27:USB_DEVICE/App/usbd_desc.c **** 
  28:USB_DEVICE/App/usbd_desc.c **** /* USER CODE END INCLUDE */
  29:USB_DEVICE/App/usbd_desc.c **** 
  30:USB_DEVICE/App/usbd_desc.c **** /* Private typedef -----------------------------------------------------------*/
  31:USB_DEVICE/App/usbd_desc.c **** /* Private define ------------------------------------------------------------*/
ARM GAS  /tmp/ccViCs7D.s 			page 2


  32:USB_DEVICE/App/usbd_desc.c **** /* Private macro -------------------------------------------------------------*/
  33:USB_DEVICE/App/usbd_desc.c **** 
  34:USB_DEVICE/App/usbd_desc.c **** /* USER CODE BEGIN PV */
  35:USB_DEVICE/App/usbd_desc.c **** /* Private variables ---------------------------------------------------------*/
  36:USB_DEVICE/App/usbd_desc.c **** 
  37:USB_DEVICE/App/usbd_desc.c **** /* USER CODE END PV */
  38:USB_DEVICE/App/usbd_desc.c **** 
  39:USB_DEVICE/App/usbd_desc.c **** /** @addtogroup STM32_USB_OTG_DEVICE_LIBRARY
  40:USB_DEVICE/App/usbd_desc.c ****   * @{
  41:USB_DEVICE/App/usbd_desc.c ****   */
  42:USB_DEVICE/App/usbd_desc.c **** 
  43:USB_DEVICE/App/usbd_desc.c **** /** @addtogroup USBD_DESC
  44:USB_DEVICE/App/usbd_desc.c ****   * @{
  45:USB_DEVICE/App/usbd_desc.c ****   */
  46:USB_DEVICE/App/usbd_desc.c **** 
  47:USB_DEVICE/App/usbd_desc.c **** /** @defgroup USBD_DESC_Private_TypesDefinitions USBD_DESC_Private_TypesDefinitions
  48:USB_DEVICE/App/usbd_desc.c ****   * @brief Private types.
  49:USB_DEVICE/App/usbd_desc.c ****   * @{
  50:USB_DEVICE/App/usbd_desc.c ****   */
  51:USB_DEVICE/App/usbd_desc.c **** 
  52:USB_DEVICE/App/usbd_desc.c **** /* USER CODE BEGIN PRIVATE_TYPES */
  53:USB_DEVICE/App/usbd_desc.c **** 
  54:USB_DEVICE/App/usbd_desc.c **** /* USER CODE END PRIVATE_TYPES */
  55:USB_DEVICE/App/usbd_desc.c **** 
  56:USB_DEVICE/App/usbd_desc.c **** /**
  57:USB_DEVICE/App/usbd_desc.c ****   * @}
  58:USB_DEVICE/App/usbd_desc.c ****   */
  59:USB_DEVICE/App/usbd_desc.c **** 
  60:USB_DEVICE/App/usbd_desc.c **** /** @defgroup USBD_DESC_Private_Defines USBD_DESC_Private_Defines
  61:USB_DEVICE/App/usbd_desc.c ****   * @brief Private defines.
  62:USB_DEVICE/App/usbd_desc.c ****   * @{
  63:USB_DEVICE/App/usbd_desc.c ****   */
  64:USB_DEVICE/App/usbd_desc.c **** 
  65:USB_DEVICE/App/usbd_desc.c **** #define USBD_VID     1115
  66:USB_DEVICE/App/usbd_desc.c **** #define USBD_LANGID_STRING     1033
  67:USB_DEVICE/App/usbd_desc.c **** #define USBD_MANUFACTURER_STRING     "STMicroelectronics"
  68:USB_DEVICE/App/usbd_desc.c **** #define USBD_PID_FS     22370
  69:USB_DEVICE/App/usbd_desc.c **** #define USBD_PRODUCT_STRING_FS     "CNCMica"
  70:USB_DEVICE/App/usbd_desc.c **** #define USBD_CONFIGURATION_STRING_FS     "Custom HID Config"
  71:USB_DEVICE/App/usbd_desc.c **** #define USBD_INTERFACE_STRING_FS     "Custom HID Interface"
  72:USB_DEVICE/App/usbd_desc.c **** 
  73:USB_DEVICE/App/usbd_desc.c **** /* USER CODE BEGIN PRIVATE_DEFINES */
  74:USB_DEVICE/App/usbd_desc.c **** 
  75:USB_DEVICE/App/usbd_desc.c **** /* USER CODE END PRIVATE_DEFINES */
  76:USB_DEVICE/App/usbd_desc.c **** 
  77:USB_DEVICE/App/usbd_desc.c **** /**
  78:USB_DEVICE/App/usbd_desc.c ****   * @}
  79:USB_DEVICE/App/usbd_desc.c ****   */
  80:USB_DEVICE/App/usbd_desc.c **** 
  81:USB_DEVICE/App/usbd_desc.c **** /* USER CODE BEGIN 0 */
  82:USB_DEVICE/App/usbd_desc.c **** 
  83:USB_DEVICE/App/usbd_desc.c **** /* USER CODE END 0 */
  84:USB_DEVICE/App/usbd_desc.c **** 
  85:USB_DEVICE/App/usbd_desc.c **** /** @defgroup USBD_DESC_Private_Macros USBD_DESC_Private_Macros
  86:USB_DEVICE/App/usbd_desc.c ****   * @brief Private macros.
  87:USB_DEVICE/App/usbd_desc.c ****   * @{
  88:USB_DEVICE/App/usbd_desc.c ****   */
ARM GAS  /tmp/ccViCs7D.s 			page 3


  89:USB_DEVICE/App/usbd_desc.c **** 
  90:USB_DEVICE/App/usbd_desc.c **** /* USER CODE BEGIN PRIVATE_MACRO */
  91:USB_DEVICE/App/usbd_desc.c **** 
  92:USB_DEVICE/App/usbd_desc.c **** /* USER CODE END PRIVATE_MACRO */
  93:USB_DEVICE/App/usbd_desc.c **** 
  94:USB_DEVICE/App/usbd_desc.c **** /**
  95:USB_DEVICE/App/usbd_desc.c ****   * @}
  96:USB_DEVICE/App/usbd_desc.c ****   */
  97:USB_DEVICE/App/usbd_desc.c **** 
  98:USB_DEVICE/App/usbd_desc.c **** /** @defgroup USBD_DESC_Private_FunctionPrototypes USBD_DESC_Private_FunctionPrototypes
  99:USB_DEVICE/App/usbd_desc.c ****   * @brief Private functions declaration.
 100:USB_DEVICE/App/usbd_desc.c ****   * @{
 101:USB_DEVICE/App/usbd_desc.c ****   */
 102:USB_DEVICE/App/usbd_desc.c **** 
 103:USB_DEVICE/App/usbd_desc.c **** static void Get_SerialNum(void);
 104:USB_DEVICE/App/usbd_desc.c **** static void IntToUnicode(uint32_t value, uint8_t * pbuf, uint8_t len);
 105:USB_DEVICE/App/usbd_desc.c **** 
 106:USB_DEVICE/App/usbd_desc.c **** /**
 107:USB_DEVICE/App/usbd_desc.c ****   * @}
 108:USB_DEVICE/App/usbd_desc.c ****   */
 109:USB_DEVICE/App/usbd_desc.c **** 
 110:USB_DEVICE/App/usbd_desc.c **** /** @defgroup USBD_DESC_Private_FunctionPrototypes USBD_DESC_Private_FunctionPrototypes
 111:USB_DEVICE/App/usbd_desc.c ****   * @brief Private functions declaration for FS.
 112:USB_DEVICE/App/usbd_desc.c ****   * @{
 113:USB_DEVICE/App/usbd_desc.c ****   */
 114:USB_DEVICE/App/usbd_desc.c **** 
 115:USB_DEVICE/App/usbd_desc.c **** uint8_t * USBD_FS_DeviceDescriptor(USBD_SpeedTypeDef speed, uint16_t *length);
 116:USB_DEVICE/App/usbd_desc.c **** uint8_t * USBD_FS_LangIDStrDescriptor(USBD_SpeedTypeDef speed, uint16_t *length);
 117:USB_DEVICE/App/usbd_desc.c **** uint8_t * USBD_FS_ManufacturerStrDescriptor(USBD_SpeedTypeDef speed, uint16_t *length);
 118:USB_DEVICE/App/usbd_desc.c **** uint8_t * USBD_FS_ProductStrDescriptor(USBD_SpeedTypeDef speed, uint16_t *length);
 119:USB_DEVICE/App/usbd_desc.c **** uint8_t * USBD_FS_SerialStrDescriptor(USBD_SpeedTypeDef speed, uint16_t *length);
 120:USB_DEVICE/App/usbd_desc.c **** uint8_t * USBD_FS_ConfigStrDescriptor(USBD_SpeedTypeDef speed, uint16_t *length);
 121:USB_DEVICE/App/usbd_desc.c **** uint8_t * USBD_FS_InterfaceStrDescriptor(USBD_SpeedTypeDef speed, uint16_t *length);
 122:USB_DEVICE/App/usbd_desc.c **** 
 123:USB_DEVICE/App/usbd_desc.c **** /**
 124:USB_DEVICE/App/usbd_desc.c ****   * @}
 125:USB_DEVICE/App/usbd_desc.c ****   */
 126:USB_DEVICE/App/usbd_desc.c **** 
 127:USB_DEVICE/App/usbd_desc.c **** /** @defgroup USBD_DESC_Private_Variables USBD_DESC_Private_Variables
 128:USB_DEVICE/App/usbd_desc.c ****   * @brief Private variables.
 129:USB_DEVICE/App/usbd_desc.c ****   * @{
 130:USB_DEVICE/App/usbd_desc.c ****   */
 131:USB_DEVICE/App/usbd_desc.c **** 
 132:USB_DEVICE/App/usbd_desc.c **** USBD_DescriptorsTypeDef FS_Desc =
 133:USB_DEVICE/App/usbd_desc.c **** {
 134:USB_DEVICE/App/usbd_desc.c ****   USBD_FS_DeviceDescriptor
 135:USB_DEVICE/App/usbd_desc.c **** , USBD_FS_LangIDStrDescriptor
 136:USB_DEVICE/App/usbd_desc.c **** , USBD_FS_ManufacturerStrDescriptor
 137:USB_DEVICE/App/usbd_desc.c **** , USBD_FS_ProductStrDescriptor
 138:USB_DEVICE/App/usbd_desc.c **** , USBD_FS_SerialStrDescriptor
 139:USB_DEVICE/App/usbd_desc.c **** , USBD_FS_ConfigStrDescriptor
 140:USB_DEVICE/App/usbd_desc.c **** , USBD_FS_InterfaceStrDescriptor
 141:USB_DEVICE/App/usbd_desc.c **** };
 142:USB_DEVICE/App/usbd_desc.c **** 
 143:USB_DEVICE/App/usbd_desc.c **** #if defined ( __ICCARM__ ) /* IAR Compiler */
 144:USB_DEVICE/App/usbd_desc.c ****   #pragma data_alignment=4
 145:USB_DEVICE/App/usbd_desc.c **** #endif /* defined ( __ICCARM__ ) */
ARM GAS  /tmp/ccViCs7D.s 			page 4


 146:USB_DEVICE/App/usbd_desc.c **** /** USB standard device descriptor. */
 147:USB_DEVICE/App/usbd_desc.c **** __ALIGN_BEGIN uint8_t USBD_FS_DeviceDesc[USB_LEN_DEV_DESC] __ALIGN_END =
 148:USB_DEVICE/App/usbd_desc.c **** {
 149:USB_DEVICE/App/usbd_desc.c ****   0x12,                       /*bLength */
 150:USB_DEVICE/App/usbd_desc.c ****   USB_DESC_TYPE_DEVICE,       /*bDescriptorType*/
 151:USB_DEVICE/App/usbd_desc.c ****   0x00,                       /*bcdUSB */
 152:USB_DEVICE/App/usbd_desc.c ****   0x02,
 153:USB_DEVICE/App/usbd_desc.c ****   0x00,                       /*bDeviceClass*/
 154:USB_DEVICE/App/usbd_desc.c ****   0x00,                       /*bDeviceSubClass*/
 155:USB_DEVICE/App/usbd_desc.c ****   0x00,                       /*bDeviceProtocol*/
 156:USB_DEVICE/App/usbd_desc.c ****   USB_MAX_EP0_SIZE,           /*bMaxPacketSize*/
 157:USB_DEVICE/App/usbd_desc.c ****   LOBYTE(USBD_VID),           /*idVendor*/
 158:USB_DEVICE/App/usbd_desc.c ****   HIBYTE(USBD_VID),           /*idVendor*/
 159:USB_DEVICE/App/usbd_desc.c ****   LOBYTE(USBD_PID_FS),        /*idProduct*/
 160:USB_DEVICE/App/usbd_desc.c ****   HIBYTE(USBD_PID_FS),        /*idProduct*/
 161:USB_DEVICE/App/usbd_desc.c ****   0x00,                       /*bcdDevice rel. 2.00*/
 162:USB_DEVICE/App/usbd_desc.c ****   0x02,
 163:USB_DEVICE/App/usbd_desc.c ****   USBD_IDX_MFC_STR,           /*Index of manufacturer  string*/
 164:USB_DEVICE/App/usbd_desc.c ****   USBD_IDX_PRODUCT_STR,       /*Index of product string*/
 165:USB_DEVICE/App/usbd_desc.c ****   USBD_IDX_SERIAL_STR,        /*Index of serial number string*/
 166:USB_DEVICE/App/usbd_desc.c ****   USBD_MAX_NUM_CONFIGURATION  /*bNumConfigurations*/
 167:USB_DEVICE/App/usbd_desc.c **** };
 168:USB_DEVICE/App/usbd_desc.c **** 
 169:USB_DEVICE/App/usbd_desc.c **** /* USB_DeviceDescriptor */
 170:USB_DEVICE/App/usbd_desc.c **** 
 171:USB_DEVICE/App/usbd_desc.c **** /**
 172:USB_DEVICE/App/usbd_desc.c ****   * @}
 173:USB_DEVICE/App/usbd_desc.c ****   */
 174:USB_DEVICE/App/usbd_desc.c **** 
 175:USB_DEVICE/App/usbd_desc.c **** /** @defgroup USBD_DESC_Private_Variables USBD_DESC_Private_Variables
 176:USB_DEVICE/App/usbd_desc.c ****   * @brief Private variables.
 177:USB_DEVICE/App/usbd_desc.c ****   * @{
 178:USB_DEVICE/App/usbd_desc.c ****   */
 179:USB_DEVICE/App/usbd_desc.c **** 
 180:USB_DEVICE/App/usbd_desc.c **** #if defined ( __ICCARM__ ) /* IAR Compiler */
 181:USB_DEVICE/App/usbd_desc.c ****   #pragma data_alignment=4
 182:USB_DEVICE/App/usbd_desc.c **** #endif /* defined ( __ICCARM__ ) */
 183:USB_DEVICE/App/usbd_desc.c **** 
 184:USB_DEVICE/App/usbd_desc.c **** /** USB lang identifier descriptor. */
 185:USB_DEVICE/App/usbd_desc.c **** __ALIGN_BEGIN uint8_t USBD_LangIDDesc[USB_LEN_LANGID_STR_DESC] __ALIGN_END =
 186:USB_DEVICE/App/usbd_desc.c **** {
 187:USB_DEVICE/App/usbd_desc.c ****      USB_LEN_LANGID_STR_DESC,
 188:USB_DEVICE/App/usbd_desc.c ****      USB_DESC_TYPE_STRING,
 189:USB_DEVICE/App/usbd_desc.c ****      LOBYTE(USBD_LANGID_STRING),
 190:USB_DEVICE/App/usbd_desc.c ****      HIBYTE(USBD_LANGID_STRING)
 191:USB_DEVICE/App/usbd_desc.c **** };
 192:USB_DEVICE/App/usbd_desc.c **** 
 193:USB_DEVICE/App/usbd_desc.c **** #if defined ( __ICCARM__ ) /* IAR Compiler */
 194:USB_DEVICE/App/usbd_desc.c ****   #pragma data_alignment=4
 195:USB_DEVICE/App/usbd_desc.c **** #endif /* defined ( __ICCARM__ ) */
 196:USB_DEVICE/App/usbd_desc.c **** /* Internal string descriptor. */
 197:USB_DEVICE/App/usbd_desc.c **** __ALIGN_BEGIN uint8_t USBD_StrDesc[USBD_MAX_STR_DESC_SIZ] __ALIGN_END;
 198:USB_DEVICE/App/usbd_desc.c **** 
 199:USB_DEVICE/App/usbd_desc.c **** #if defined ( __ICCARM__ ) /*!< IAR Compiler */
 200:USB_DEVICE/App/usbd_desc.c ****   #pragma data_alignment=4
 201:USB_DEVICE/App/usbd_desc.c **** #endif
 202:USB_DEVICE/App/usbd_desc.c **** __ALIGN_BEGIN uint8_t USBD_StringSerial[USB_SIZ_STRING_SERIAL] __ALIGN_END = {
ARM GAS  /tmp/ccViCs7D.s 			page 5


 203:USB_DEVICE/App/usbd_desc.c ****   USB_SIZ_STRING_SERIAL,
 204:USB_DEVICE/App/usbd_desc.c ****   USB_DESC_TYPE_STRING,
 205:USB_DEVICE/App/usbd_desc.c **** };
 206:USB_DEVICE/App/usbd_desc.c **** 
 207:USB_DEVICE/App/usbd_desc.c **** /**
 208:USB_DEVICE/App/usbd_desc.c ****   * @}
 209:USB_DEVICE/App/usbd_desc.c ****   */
 210:USB_DEVICE/App/usbd_desc.c **** 
 211:USB_DEVICE/App/usbd_desc.c **** /** @defgroup USBD_DESC_Private_Functions USBD_DESC_Private_Functions
 212:USB_DEVICE/App/usbd_desc.c ****   * @brief Private functions.
 213:USB_DEVICE/App/usbd_desc.c ****   * @{
 214:USB_DEVICE/App/usbd_desc.c ****   */
 215:USB_DEVICE/App/usbd_desc.c **** 
 216:USB_DEVICE/App/usbd_desc.c **** /**
 217:USB_DEVICE/App/usbd_desc.c ****   * @brief  Return the device descriptor
 218:USB_DEVICE/App/usbd_desc.c ****   * @param  speed : Current device speed
 219:USB_DEVICE/App/usbd_desc.c ****   * @param  length : Pointer to data length variable
 220:USB_DEVICE/App/usbd_desc.c ****   * @retval Pointer to descriptor buffer
 221:USB_DEVICE/App/usbd_desc.c ****   */
 222:USB_DEVICE/App/usbd_desc.c **** uint8_t * USBD_FS_DeviceDescriptor(USBD_SpeedTypeDef speed, uint16_t *length)
 223:USB_DEVICE/App/usbd_desc.c **** {
  28              		.loc 1 223 1 view -0
  29              		.cfi_startproc
  30              		@ args = 0, pretend = 0, frame = 0
  31              		@ frame_needed = 0, uses_anonymous_args = 0
  32              		@ link register save eliminated.
 224:USB_DEVICE/App/usbd_desc.c ****   UNUSED(speed);
  33              		.loc 1 224 3 view .LVU1
 225:USB_DEVICE/App/usbd_desc.c ****   *length = sizeof(USBD_FS_DeviceDesc);
  34              		.loc 1 225 3 view .LVU2
  35              		.loc 1 225 11 is_stmt 0 view .LVU3
  36 0000 1223     		movs	r3, #18
  37 0002 0B80     		strh	r3, [r1]	@ movhi
 226:USB_DEVICE/App/usbd_desc.c ****   return USBD_FS_DeviceDesc;
  38              		.loc 1 226 3 is_stmt 1 view .LVU4
 227:USB_DEVICE/App/usbd_desc.c **** }
  39              		.loc 1 227 1 is_stmt 0 view .LVU5
  40 0004 0048     		ldr	r0, .L2
  41              	.LVL1:
  42              		.loc 1 227 1 view .LVU6
  43 0006 7047     		bx	lr
  44              	.L3:
  45              		.align	2
  46              	.L2:
  47 0008 00000000 		.word	USBD_FS_DeviceDesc
  48              		.cfi_endproc
  49              	.LFE68:
  51              		.section	.text.USBD_FS_LangIDStrDescriptor,"ax",%progbits
  52              		.align	1
  53              		.global	USBD_FS_LangIDStrDescriptor
  54              		.syntax unified
  55              		.thumb
  56              		.thumb_func
  58              	USBD_FS_LangIDStrDescriptor:
  59              	.LVL2:
  60              	.LFB69:
 228:USB_DEVICE/App/usbd_desc.c **** 
ARM GAS  /tmp/ccViCs7D.s 			page 6


 229:USB_DEVICE/App/usbd_desc.c **** /**
 230:USB_DEVICE/App/usbd_desc.c ****   * @brief  Return the LangID string descriptor
 231:USB_DEVICE/App/usbd_desc.c ****   * @param  speed : Current device speed
 232:USB_DEVICE/App/usbd_desc.c ****   * @param  length : Pointer to data length variable
 233:USB_DEVICE/App/usbd_desc.c ****   * @retval Pointer to descriptor buffer
 234:USB_DEVICE/App/usbd_desc.c ****   */
 235:USB_DEVICE/App/usbd_desc.c **** uint8_t * USBD_FS_LangIDStrDescriptor(USBD_SpeedTypeDef speed, uint16_t *length)
 236:USB_DEVICE/App/usbd_desc.c **** {
  61              		.loc 1 236 1 is_stmt 1 view -0
  62              		.cfi_startproc
  63              		@ args = 0, pretend = 0, frame = 0
  64              		@ frame_needed = 0, uses_anonymous_args = 0
  65              		@ link register save eliminated.
 237:USB_DEVICE/App/usbd_desc.c ****   UNUSED(speed);
  66              		.loc 1 237 3 view .LVU8
 238:USB_DEVICE/App/usbd_desc.c ****   *length = sizeof(USBD_LangIDDesc);
  67              		.loc 1 238 3 view .LVU9
  68              		.loc 1 238 11 is_stmt 0 view .LVU10
  69 0000 0423     		movs	r3, #4
  70 0002 0B80     		strh	r3, [r1]	@ movhi
 239:USB_DEVICE/App/usbd_desc.c ****   return USBD_LangIDDesc;
  71              		.loc 1 239 3 is_stmt 1 view .LVU11
 240:USB_DEVICE/App/usbd_desc.c **** }
  72              		.loc 1 240 1 is_stmt 0 view .LVU12
  73 0004 0048     		ldr	r0, .L5
  74              	.LVL3:
  75              		.loc 1 240 1 view .LVU13
  76 0006 7047     		bx	lr
  77              	.L6:
  78              		.align	2
  79              	.L5:
  80 0008 00000000 		.word	USBD_LangIDDesc
  81              		.cfi_endproc
  82              	.LFE69:
  84              		.section	.text.IntToUnicode,"ax",%progbits
  85              		.align	1
  86              		.syntax unified
  87              		.thumb
  88              		.thumb_func
  90              	IntToUnicode:
  91              	.LVL4:
  92              	.LFB76:
 241:USB_DEVICE/App/usbd_desc.c **** 
 242:USB_DEVICE/App/usbd_desc.c **** /**
 243:USB_DEVICE/App/usbd_desc.c ****   * @brief  Return the product string descriptor
 244:USB_DEVICE/App/usbd_desc.c ****   * @param  speed : Current device speed
 245:USB_DEVICE/App/usbd_desc.c ****   * @param  length : Pointer to data length variable
 246:USB_DEVICE/App/usbd_desc.c ****   * @retval Pointer to descriptor buffer
 247:USB_DEVICE/App/usbd_desc.c ****   */
 248:USB_DEVICE/App/usbd_desc.c **** uint8_t * USBD_FS_ProductStrDescriptor(USBD_SpeedTypeDef speed, uint16_t *length)
 249:USB_DEVICE/App/usbd_desc.c **** {
 250:USB_DEVICE/App/usbd_desc.c ****   if(speed == 0)
 251:USB_DEVICE/App/usbd_desc.c ****   {
 252:USB_DEVICE/App/usbd_desc.c ****     USBD_GetString((uint8_t *)USBD_PRODUCT_STRING_FS, USBD_StrDesc, length);
 253:USB_DEVICE/App/usbd_desc.c ****   }
 254:USB_DEVICE/App/usbd_desc.c ****   else
 255:USB_DEVICE/App/usbd_desc.c ****   {
ARM GAS  /tmp/ccViCs7D.s 			page 7


 256:USB_DEVICE/App/usbd_desc.c ****     USBD_GetString((uint8_t *)USBD_PRODUCT_STRING_FS, USBD_StrDesc, length);
 257:USB_DEVICE/App/usbd_desc.c ****   }
 258:USB_DEVICE/App/usbd_desc.c ****   return USBD_StrDesc;
 259:USB_DEVICE/App/usbd_desc.c **** }
 260:USB_DEVICE/App/usbd_desc.c **** 
 261:USB_DEVICE/App/usbd_desc.c **** /**
 262:USB_DEVICE/App/usbd_desc.c ****   * @brief  Return the manufacturer string descriptor
 263:USB_DEVICE/App/usbd_desc.c ****   * @param  speed : Current device speed
 264:USB_DEVICE/App/usbd_desc.c ****   * @param  length : Pointer to data length variable
 265:USB_DEVICE/App/usbd_desc.c ****   * @retval Pointer to descriptor buffer
 266:USB_DEVICE/App/usbd_desc.c ****   */
 267:USB_DEVICE/App/usbd_desc.c **** uint8_t * USBD_FS_ManufacturerStrDescriptor(USBD_SpeedTypeDef speed, uint16_t *length)
 268:USB_DEVICE/App/usbd_desc.c **** {
 269:USB_DEVICE/App/usbd_desc.c ****   UNUSED(speed);
 270:USB_DEVICE/App/usbd_desc.c ****   USBD_GetString((uint8_t *)USBD_MANUFACTURER_STRING, USBD_StrDesc, length);
 271:USB_DEVICE/App/usbd_desc.c ****   return USBD_StrDesc;
 272:USB_DEVICE/App/usbd_desc.c **** }
 273:USB_DEVICE/App/usbd_desc.c **** 
 274:USB_DEVICE/App/usbd_desc.c **** /**
 275:USB_DEVICE/App/usbd_desc.c ****   * @brief  Return the serial number string descriptor
 276:USB_DEVICE/App/usbd_desc.c ****   * @param  speed : Current device speed
 277:USB_DEVICE/App/usbd_desc.c ****   * @param  length : Pointer to data length variable
 278:USB_DEVICE/App/usbd_desc.c ****   * @retval Pointer to descriptor buffer
 279:USB_DEVICE/App/usbd_desc.c ****   */
 280:USB_DEVICE/App/usbd_desc.c **** uint8_t * USBD_FS_SerialStrDescriptor(USBD_SpeedTypeDef speed, uint16_t *length)
 281:USB_DEVICE/App/usbd_desc.c **** {
 282:USB_DEVICE/App/usbd_desc.c ****   UNUSED(speed);
 283:USB_DEVICE/App/usbd_desc.c ****   *length = USB_SIZ_STRING_SERIAL;
 284:USB_DEVICE/App/usbd_desc.c **** 
 285:USB_DEVICE/App/usbd_desc.c ****   /* Update the serial number string descriptor with the data from the unique
 286:USB_DEVICE/App/usbd_desc.c ****    * ID */
 287:USB_DEVICE/App/usbd_desc.c ****   Get_SerialNum();
 288:USB_DEVICE/App/usbd_desc.c ****   /* USER CODE BEGIN USBD_FS_SerialStrDescriptor */
 289:USB_DEVICE/App/usbd_desc.c **** 
 290:USB_DEVICE/App/usbd_desc.c ****   /* USER CODE END USBD_FS_SerialStrDescriptor */
 291:USB_DEVICE/App/usbd_desc.c ****   return (uint8_t *) USBD_StringSerial;
 292:USB_DEVICE/App/usbd_desc.c **** }
 293:USB_DEVICE/App/usbd_desc.c **** 
 294:USB_DEVICE/App/usbd_desc.c **** /**
 295:USB_DEVICE/App/usbd_desc.c ****   * @brief  Return the configuration string descriptor
 296:USB_DEVICE/App/usbd_desc.c ****   * @param  speed : Current device speed
 297:USB_DEVICE/App/usbd_desc.c ****   * @param  length : Pointer to data length variable
 298:USB_DEVICE/App/usbd_desc.c ****   * @retval Pointer to descriptor buffer
 299:USB_DEVICE/App/usbd_desc.c ****   */
 300:USB_DEVICE/App/usbd_desc.c **** uint8_t * USBD_FS_ConfigStrDescriptor(USBD_SpeedTypeDef speed, uint16_t *length)
 301:USB_DEVICE/App/usbd_desc.c **** {
 302:USB_DEVICE/App/usbd_desc.c ****   if(speed == USBD_SPEED_HIGH)
 303:USB_DEVICE/App/usbd_desc.c ****   {
 304:USB_DEVICE/App/usbd_desc.c ****     USBD_GetString((uint8_t *)USBD_CONFIGURATION_STRING_FS, USBD_StrDesc, length);
 305:USB_DEVICE/App/usbd_desc.c ****   }
 306:USB_DEVICE/App/usbd_desc.c ****   else
 307:USB_DEVICE/App/usbd_desc.c ****   {
 308:USB_DEVICE/App/usbd_desc.c ****     USBD_GetString((uint8_t *)USBD_CONFIGURATION_STRING_FS, USBD_StrDesc, length);
 309:USB_DEVICE/App/usbd_desc.c ****   }
 310:USB_DEVICE/App/usbd_desc.c ****   return USBD_StrDesc;
 311:USB_DEVICE/App/usbd_desc.c **** }
 312:USB_DEVICE/App/usbd_desc.c **** 
ARM GAS  /tmp/ccViCs7D.s 			page 8


 313:USB_DEVICE/App/usbd_desc.c **** /**
 314:USB_DEVICE/App/usbd_desc.c ****   * @brief  Return the interface string descriptor
 315:USB_DEVICE/App/usbd_desc.c ****   * @param  speed : Current device speed
 316:USB_DEVICE/App/usbd_desc.c ****   * @param  length : Pointer to data length variable
 317:USB_DEVICE/App/usbd_desc.c ****   * @retval Pointer to descriptor buffer
 318:USB_DEVICE/App/usbd_desc.c ****   */
 319:USB_DEVICE/App/usbd_desc.c **** uint8_t * USBD_FS_InterfaceStrDescriptor(USBD_SpeedTypeDef speed, uint16_t *length)
 320:USB_DEVICE/App/usbd_desc.c **** {
 321:USB_DEVICE/App/usbd_desc.c ****   if(speed == 0)
 322:USB_DEVICE/App/usbd_desc.c ****   {
 323:USB_DEVICE/App/usbd_desc.c ****     USBD_GetString((uint8_t *)USBD_INTERFACE_STRING_FS, USBD_StrDesc, length);
 324:USB_DEVICE/App/usbd_desc.c ****   }
 325:USB_DEVICE/App/usbd_desc.c ****   else
 326:USB_DEVICE/App/usbd_desc.c ****   {
 327:USB_DEVICE/App/usbd_desc.c ****     USBD_GetString((uint8_t *)USBD_INTERFACE_STRING_FS, USBD_StrDesc, length);
 328:USB_DEVICE/App/usbd_desc.c ****   }
 329:USB_DEVICE/App/usbd_desc.c ****   return USBD_StrDesc;
 330:USB_DEVICE/App/usbd_desc.c **** }
 331:USB_DEVICE/App/usbd_desc.c **** 
 332:USB_DEVICE/App/usbd_desc.c **** /**
 333:USB_DEVICE/App/usbd_desc.c ****   * @brief  Create the serial number string descriptor
 334:USB_DEVICE/App/usbd_desc.c ****   * @param  None
 335:USB_DEVICE/App/usbd_desc.c ****   * @retval None
 336:USB_DEVICE/App/usbd_desc.c ****   */
 337:USB_DEVICE/App/usbd_desc.c **** static void Get_SerialNum(void)
 338:USB_DEVICE/App/usbd_desc.c **** {
 339:USB_DEVICE/App/usbd_desc.c ****   uint32_t deviceserial0, deviceserial1, deviceserial2;
 340:USB_DEVICE/App/usbd_desc.c **** 
 341:USB_DEVICE/App/usbd_desc.c ****   deviceserial0 = *(uint32_t *) DEVICE_ID1;
 342:USB_DEVICE/App/usbd_desc.c ****   deviceserial1 = *(uint32_t *) DEVICE_ID2;
 343:USB_DEVICE/App/usbd_desc.c ****   deviceserial2 = *(uint32_t *) DEVICE_ID3;
 344:USB_DEVICE/App/usbd_desc.c **** 
 345:USB_DEVICE/App/usbd_desc.c ****   deviceserial0 += deviceserial2;
 346:USB_DEVICE/App/usbd_desc.c **** 
 347:USB_DEVICE/App/usbd_desc.c ****   if (deviceserial0 != 0)
 348:USB_DEVICE/App/usbd_desc.c ****   {
 349:USB_DEVICE/App/usbd_desc.c ****     IntToUnicode(deviceserial0, &USBD_StringSerial[2], 8);
 350:USB_DEVICE/App/usbd_desc.c ****     IntToUnicode(deviceserial1, &USBD_StringSerial[18], 4);
 351:USB_DEVICE/App/usbd_desc.c ****   }
 352:USB_DEVICE/App/usbd_desc.c **** }
 353:USB_DEVICE/App/usbd_desc.c **** 
 354:USB_DEVICE/App/usbd_desc.c **** /**
 355:USB_DEVICE/App/usbd_desc.c ****   * @brief  Convert Hex 32Bits value into char
 356:USB_DEVICE/App/usbd_desc.c ****   * @param  value: value to convert
 357:USB_DEVICE/App/usbd_desc.c ****   * @param  pbuf: pointer to the buffer
 358:USB_DEVICE/App/usbd_desc.c ****   * @param  len: buffer length
 359:USB_DEVICE/App/usbd_desc.c ****   * @retval None
 360:USB_DEVICE/App/usbd_desc.c ****   */
 361:USB_DEVICE/App/usbd_desc.c **** static void IntToUnicode(uint32_t value, uint8_t * pbuf, uint8_t len)
 362:USB_DEVICE/App/usbd_desc.c **** {
  93              		.loc 1 362 1 is_stmt 1 view -0
  94              		.cfi_startproc
  95              		@ args = 0, pretend = 0, frame = 0
  96              		@ frame_needed = 0, uses_anonymous_args = 0
 363:USB_DEVICE/App/usbd_desc.c ****   uint8_t idx = 0;
  97              		.loc 1 363 3 view .LVU15
 364:USB_DEVICE/App/usbd_desc.c **** 
ARM GAS  /tmp/ccViCs7D.s 			page 9


 365:USB_DEVICE/App/usbd_desc.c ****   for (idx = 0; idx < len; idx++)
  98              		.loc 1 365 3 view .LVU16
  99              		.loc 1 365 12 is_stmt 0 view .LVU17
 100 0000 0023     		movs	r3, #0
 101              	.LVL5:
 102              		.loc 1 365 21 is_stmt 1 discriminator 1 view .LVU18
 103 0002 9342     		cmp	r3, r2
 104 0004 1ED2     		bcs	.L15
 362:USB_DEVICE/App/usbd_desc.c ****   uint8_t idx = 0;
 105              		.loc 1 362 1 is_stmt 0 view .LVU19
 106 0006 00B5     		push	{lr}
 107              	.LCFI0:
 108              		.cfi_def_cfa_offset 4
 109              		.cfi_offset 14, -4
 110 0008 10E0     		b	.L11
 111              	.L9:
 366:USB_DEVICE/App/usbd_desc.c ****   {
 367:USB_DEVICE/App/usbd_desc.c ****     if (((value >> 28)) < 0xA)
 368:USB_DEVICE/App/usbd_desc.c ****     {
 369:USB_DEVICE/App/usbd_desc.c ****       pbuf[2 * idx] = (value >> 28) + '0';
 370:USB_DEVICE/App/usbd_desc.c ****     }
 371:USB_DEVICE/App/usbd_desc.c ****     else
 372:USB_DEVICE/App/usbd_desc.c ****     {
 373:USB_DEVICE/App/usbd_desc.c ****       pbuf[2 * idx] = (value >> 28) + 'A' - 10;
 112              		.loc 1 373 7 is_stmt 1 view .LVU20
 113              		.loc 1 373 43 is_stmt 0 view .LVU21
 114 000a 0CF1370C 		add	ip, ip, #55
 115              		.loc 1 373 21 view .LVU22
 116 000e 01F813C0 		strb	ip, [r1, r3, lsl #1]
 117              	.L10:
 374:USB_DEVICE/App/usbd_desc.c ****     }
 375:USB_DEVICE/App/usbd_desc.c **** 
 376:USB_DEVICE/App/usbd_desc.c ****     value = value << 4;
 118              		.loc 1 376 5 is_stmt 1 view .LVU23
 119              		.loc 1 376 11 is_stmt 0 view .LVU24
 120 0012 0001     		lsls	r0, r0, #4
 121              	.LVL6:
 377:USB_DEVICE/App/usbd_desc.c **** 
 378:USB_DEVICE/App/usbd_desc.c ****     pbuf[2 * idx + 1] = 0;
 122              		.loc 1 378 5 is_stmt 1 view .LVU25
 123              		.loc 1 378 12 is_stmt 0 view .LVU26
 124 0014 4FEA430C 		lsl	ip, r3, #1
 125              		.loc 1 378 9 view .LVU27
 126 0018 0CF1010C 		add	ip, ip, #1
 127              		.loc 1 378 23 view .LVU28
 128 001c 4FF0000E 		mov	lr, #0
 129 0020 01F80CE0 		strb	lr, [r1, ip]
 365:USB_DEVICE/App/usbd_desc.c ****   {
 130              		.loc 1 365 31 is_stmt 1 discriminator 2 view .LVU29
 131 0024 0133     		adds	r3, r3, #1
 132              	.LVL7:
 365:USB_DEVICE/App/usbd_desc.c ****   {
 133              		.loc 1 365 31 is_stmt 0 discriminator 2 view .LVU30
 134 0026 DBB2     		uxtb	r3, r3
 135              	.LVL8:
 365:USB_DEVICE/App/usbd_desc.c ****   {
 136              		.loc 1 365 21 is_stmt 1 discriminator 1 view .LVU31
ARM GAS  /tmp/ccViCs7D.s 			page 10


 137 0028 9342     		cmp	r3, r2
 138 002a 09D2     		bcs	.L16
 139              	.L11:
 367:USB_DEVICE/App/usbd_desc.c ****     {
 140              		.loc 1 367 5 view .LVU32
 367:USB_DEVICE/App/usbd_desc.c ****     {
 141              		.loc 1 367 17 is_stmt 0 view .LVU33
 142 002c 4FEA107C 		lsr	ip, r0, #28
 367:USB_DEVICE/App/usbd_desc.c ****     {
 143              		.loc 1 367 8 view .LVU34
 144 0030 B0F1204F 		cmp	r0, #-1610612736
 145 0034 E9D2     		bcs	.L9
 369:USB_DEVICE/App/usbd_desc.c ****     }
 146              		.loc 1 369 7 is_stmt 1 view .LVU35
 369:USB_DEVICE/App/usbd_desc.c ****     }
 147              		.loc 1 369 37 is_stmt 0 view .LVU36
 148 0036 0CF1300C 		add	ip, ip, #48
 369:USB_DEVICE/App/usbd_desc.c ****     }
 149              		.loc 1 369 21 view .LVU37
 150 003a 01F813C0 		strb	ip, [r1, r3, lsl #1]
 151 003e E8E7     		b	.L10
 152              	.L16:
 379:USB_DEVICE/App/usbd_desc.c ****   }
 380:USB_DEVICE/App/usbd_desc.c **** }
 153              		.loc 1 380 1 view .LVU38
 154 0040 5DF804FB 		ldr	pc, [sp], #4
 155              	.L15:
 156              	.LCFI1:
 157              		.cfi_def_cfa_offset 0
 158              		.cfi_restore 14
 159              		.loc 1 380 1 view .LVU39
 160 0044 7047     		bx	lr
 161              		.cfi_endproc
 162              	.LFE76:
 164              		.section	.text.Get_SerialNum,"ax",%progbits
 165              		.align	1
 166              		.syntax unified
 167              		.thumb
 168              		.thumb_func
 170              	Get_SerialNum:
 171              	.LFB75:
 338:USB_DEVICE/App/usbd_desc.c ****   uint32_t deviceserial0, deviceserial1, deviceserial2;
 172              		.loc 1 338 1 is_stmt 1 view -0
 173              		.cfi_startproc
 174              		@ args = 0, pretend = 0, frame = 0
 175              		@ frame_needed = 0, uses_anonymous_args = 0
 176 0000 38B5     		push	{r3, r4, r5, lr}
 177              	.LCFI2:
 178              		.cfi_def_cfa_offset 16
 179              		.cfi_offset 3, -16
 180              		.cfi_offset 4, -12
 181              		.cfi_offset 5, -8
 182              		.cfi_offset 14, -4
 339:USB_DEVICE/App/usbd_desc.c **** 
 183              		.loc 1 339 3 view .LVU41
 341:USB_DEVICE/App/usbd_desc.c ****   deviceserial1 = *(uint32_t *) DEVICE_ID2;
 184              		.loc 1 341 3 view .LVU42
ARM GAS  /tmp/ccViCs7D.s 			page 11


 341:USB_DEVICE/App/usbd_desc.c ****   deviceserial1 = *(uint32_t *) DEVICE_ID2;
 185              		.loc 1 341 17 is_stmt 0 view .LVU43
 186 0002 0B4B     		ldr	r3, .L21
 187 0004 D3F8E807 		ldr	r0, [r3, #2024]
 188              	.LVL9:
 342:USB_DEVICE/App/usbd_desc.c ****   deviceserial2 = *(uint32_t *) DEVICE_ID3;
 189              		.loc 1 342 3 is_stmt 1 view .LVU44
 342:USB_DEVICE/App/usbd_desc.c ****   deviceserial2 = *(uint32_t *) DEVICE_ID3;
 190              		.loc 1 342 17 is_stmt 0 view .LVU45
 191 0008 D3F8EC47 		ldr	r4, [r3, #2028]
 192              	.LVL10:
 343:USB_DEVICE/App/usbd_desc.c **** 
 193              		.loc 1 343 3 is_stmt 1 view .LVU46
 343:USB_DEVICE/App/usbd_desc.c **** 
 194              		.loc 1 343 17 is_stmt 0 view .LVU47
 195 000c D3F8F037 		ldr	r3, [r3, #2032]
 196              	.LVL11:
 345:USB_DEVICE/App/usbd_desc.c **** 
 197              		.loc 1 345 3 is_stmt 1 view .LVU48
 347:USB_DEVICE/App/usbd_desc.c ****   {
 198              		.loc 1 347 3 view .LVU49
 347:USB_DEVICE/App/usbd_desc.c ****   {
 199              		.loc 1 347 6 is_stmt 0 view .LVU50
 200 0010 C018     		adds	r0, r0, r3
 201              	.LVL12:
 347:USB_DEVICE/App/usbd_desc.c ****   {
 202              		.loc 1 347 6 view .LVU51
 203 0012 00D1     		bne	.L20
 204              	.LVL13:
 205              	.L17:
 352:USB_DEVICE/App/usbd_desc.c **** 
 206              		.loc 1 352 1 view .LVU52
 207 0014 38BD     		pop	{r3, r4, r5, pc}
 208              	.LVL14:
 209              	.L20:
 349:USB_DEVICE/App/usbd_desc.c ****     IntToUnicode(deviceserial1, &USBD_StringSerial[18], 4);
 210              		.loc 1 349 5 is_stmt 1 view .LVU53
 211 0016 074D     		ldr	r5, .L21+4
 212 0018 0822     		movs	r2, #8
 213 001a 2946     		mov	r1, r5
 214 001c FFF7FEFF 		bl	IntToUnicode
 215              	.LVL15:
 350:USB_DEVICE/App/usbd_desc.c ****   }
 216              		.loc 1 350 5 view .LVU54
 217 0020 0422     		movs	r2, #4
 218 0022 05F11001 		add	r1, r5, #16
 219 0026 2046     		mov	r0, r4
 220 0028 FFF7FEFF 		bl	IntToUnicode
 221              	.LVL16:
 352:USB_DEVICE/App/usbd_desc.c **** 
 222              		.loc 1 352 1 is_stmt 0 view .LVU55
 223 002c F2E7     		b	.L17
 224              	.L22:
 225 002e 00BF     		.align	2
 226              	.L21:
 227 0030 00F0FF1F 		.word	536866816
 228 0034 02000000 		.word	USBD_StringSerial+2
ARM GAS  /tmp/ccViCs7D.s 			page 12


 229              		.cfi_endproc
 230              	.LFE75:
 232              		.section	.text.USBD_FS_SerialStrDescriptor,"ax",%progbits
 233              		.align	1
 234              		.global	USBD_FS_SerialStrDescriptor
 235              		.syntax unified
 236              		.thumb
 237              		.thumb_func
 239              	USBD_FS_SerialStrDescriptor:
 240              	.LVL17:
 241              	.LFB72:
 281:USB_DEVICE/App/usbd_desc.c ****   UNUSED(speed);
 242              		.loc 1 281 1 is_stmt 1 view -0
 243              		.cfi_startproc
 244              		@ args = 0, pretend = 0, frame = 0
 245              		@ frame_needed = 0, uses_anonymous_args = 0
 281:USB_DEVICE/App/usbd_desc.c ****   UNUSED(speed);
 246              		.loc 1 281 1 is_stmt 0 view .LVU57
 247 0000 08B5     		push	{r3, lr}
 248              	.LCFI3:
 249              		.cfi_def_cfa_offset 8
 250              		.cfi_offset 3, -8
 251              		.cfi_offset 14, -4
 282:USB_DEVICE/App/usbd_desc.c ****   *length = USB_SIZ_STRING_SERIAL;
 252              		.loc 1 282 3 is_stmt 1 view .LVU58
 283:USB_DEVICE/App/usbd_desc.c **** 
 253              		.loc 1 283 3 view .LVU59
 283:USB_DEVICE/App/usbd_desc.c **** 
 254              		.loc 1 283 11 is_stmt 0 view .LVU60
 255 0002 1A23     		movs	r3, #26
 256 0004 0B80     		strh	r3, [r1]	@ movhi
 287:USB_DEVICE/App/usbd_desc.c ****   /* USER CODE BEGIN USBD_FS_SerialStrDescriptor */
 257              		.loc 1 287 3 is_stmt 1 view .LVU61
 258 0006 FFF7FEFF 		bl	Get_SerialNum
 259              	.LVL18:
 291:USB_DEVICE/App/usbd_desc.c **** }
 260              		.loc 1 291 3 view .LVU62
 292:USB_DEVICE/App/usbd_desc.c **** 
 261              		.loc 1 292 1 is_stmt 0 view .LVU63
 262 000a 0148     		ldr	r0, .L25
 263 000c 08BD     		pop	{r3, pc}
 264              	.L26:
 265 000e 00BF     		.align	2
 266              	.L25:
 267 0010 00000000 		.word	USBD_StringSerial
 268              		.cfi_endproc
 269              	.LFE72:
 271              		.section	.rodata.USBD_FS_ProductStrDescriptor.str1.4,"aMS",%progbits,1
 272              		.align	2
 273              	.LC0:
 274 0000 434E434D 		.ascii	"CNCMica\000"
 274      69636100 
 275              		.section	.text.USBD_FS_ProductStrDescriptor,"ax",%progbits
 276              		.align	1
 277              		.global	USBD_FS_ProductStrDescriptor
 278              		.syntax unified
 279              		.thumb
ARM GAS  /tmp/ccViCs7D.s 			page 13


 280              		.thumb_func
 282              	USBD_FS_ProductStrDescriptor:
 283              	.LVL19:
 284              	.LFB70:
 249:USB_DEVICE/App/usbd_desc.c ****   if(speed == 0)
 285              		.loc 1 249 1 is_stmt 1 view -0
 286              		.cfi_startproc
 287              		@ args = 0, pretend = 0, frame = 0
 288              		@ frame_needed = 0, uses_anonymous_args = 0
 249:USB_DEVICE/App/usbd_desc.c ****   if(speed == 0)
 289              		.loc 1 249 1 is_stmt 0 view .LVU65
 290 0000 08B5     		push	{r3, lr}
 291              	.LCFI4:
 292              		.cfi_def_cfa_offset 8
 293              		.cfi_offset 3, -8
 294              		.cfi_offset 14, -4
 295 0002 0A46     		mov	r2, r1
 250:USB_DEVICE/App/usbd_desc.c ****   {
 296              		.loc 1 250 3 is_stmt 1 view .LVU66
 250:USB_DEVICE/App/usbd_desc.c ****   {
 297              		.loc 1 250 5 is_stmt 0 view .LVU67
 298 0004 28B9     		cbnz	r0, .L28
 252:USB_DEVICE/App/usbd_desc.c ****   }
 299              		.loc 1 252 5 is_stmt 1 view .LVU68
 300 0006 0549     		ldr	r1, .L31
 301              	.LVL20:
 252:USB_DEVICE/App/usbd_desc.c ****   }
 302              		.loc 1 252 5 is_stmt 0 view .LVU69
 303 0008 0548     		ldr	r0, .L31+4
 304              	.LVL21:
 252:USB_DEVICE/App/usbd_desc.c ****   }
 305              		.loc 1 252 5 view .LVU70
 306 000a FFF7FEFF 		bl	USBD_GetString
 307              	.LVL22:
 308              	.L29:
 258:USB_DEVICE/App/usbd_desc.c **** }
 309              		.loc 1 258 3 is_stmt 1 view .LVU71
 259:USB_DEVICE/App/usbd_desc.c **** 
 310              		.loc 1 259 1 is_stmt 0 view .LVU72
 311 000e 0348     		ldr	r0, .L31
 312 0010 08BD     		pop	{r3, pc}
 313              	.LVL23:
 314              	.L28:
 256:USB_DEVICE/App/usbd_desc.c ****   }
 315              		.loc 1 256 5 is_stmt 1 view .LVU73
 316 0012 0249     		ldr	r1, .L31
 317              	.LVL24:
 256:USB_DEVICE/App/usbd_desc.c ****   }
 318              		.loc 1 256 5 is_stmt 0 view .LVU74
 319 0014 0248     		ldr	r0, .L31+4
 320              	.LVL25:
 256:USB_DEVICE/App/usbd_desc.c ****   }
 321              		.loc 1 256 5 view .LVU75
 322 0016 FFF7FEFF 		bl	USBD_GetString
 323              	.LVL26:
 256:USB_DEVICE/App/usbd_desc.c ****   }
 324              		.loc 1 256 5 view .LVU76
ARM GAS  /tmp/ccViCs7D.s 			page 14


 325 001a F8E7     		b	.L29
 326              	.L32:
 327              		.align	2
 328              	.L31:
 329 001c 00000000 		.word	USBD_StrDesc
 330 0020 00000000 		.word	.LC0
 331              		.cfi_endproc
 332              	.LFE70:
 334              		.section	.rodata.USBD_FS_ManufacturerStrDescriptor.str1.4,"aMS",%progbits,1
 335              		.align	2
 336              	.LC1:
 337 0000 53544D69 		.ascii	"STMicroelectronics\000"
 337      63726F65 
 337      6C656374 
 337      726F6E69 
 337      637300
 338              		.section	.text.USBD_FS_ManufacturerStrDescriptor,"ax",%progbits
 339              		.align	1
 340              		.global	USBD_FS_ManufacturerStrDescriptor
 341              		.syntax unified
 342              		.thumb
 343              		.thumb_func
 345              	USBD_FS_ManufacturerStrDescriptor:
 346              	.LVL27:
 347              	.LFB71:
 268:USB_DEVICE/App/usbd_desc.c ****   UNUSED(speed);
 348              		.loc 1 268 1 is_stmt 1 view -0
 349              		.cfi_startproc
 350              		@ args = 0, pretend = 0, frame = 0
 351              		@ frame_needed = 0, uses_anonymous_args = 0
 268:USB_DEVICE/App/usbd_desc.c ****   UNUSED(speed);
 352              		.loc 1 268 1 is_stmt 0 view .LVU78
 353 0000 10B5     		push	{r4, lr}
 354              	.LCFI5:
 355              		.cfi_def_cfa_offset 8
 356              		.cfi_offset 4, -8
 357              		.cfi_offset 14, -4
 358 0002 0A46     		mov	r2, r1
 269:USB_DEVICE/App/usbd_desc.c ****   USBD_GetString((uint8_t *)USBD_MANUFACTURER_STRING, USBD_StrDesc, length);
 359              		.loc 1 269 3 is_stmt 1 view .LVU79
 270:USB_DEVICE/App/usbd_desc.c ****   return USBD_StrDesc;
 360              		.loc 1 270 3 view .LVU80
 361 0004 034C     		ldr	r4, .L35
 362 0006 2146     		mov	r1, r4
 363              	.LVL28:
 270:USB_DEVICE/App/usbd_desc.c ****   return USBD_StrDesc;
 364              		.loc 1 270 3 is_stmt 0 view .LVU81
 365 0008 0348     		ldr	r0, .L35+4
 366              	.LVL29:
 270:USB_DEVICE/App/usbd_desc.c ****   return USBD_StrDesc;
 367              		.loc 1 270 3 view .LVU82
 368 000a FFF7FEFF 		bl	USBD_GetString
 369              	.LVL30:
 271:USB_DEVICE/App/usbd_desc.c **** }
 370              		.loc 1 271 3 is_stmt 1 view .LVU83
 272:USB_DEVICE/App/usbd_desc.c **** 
 371              		.loc 1 272 1 is_stmt 0 view .LVU84
ARM GAS  /tmp/ccViCs7D.s 			page 15


 372 000e 2046     		mov	r0, r4
 373 0010 10BD     		pop	{r4, pc}
 374              	.L36:
 375 0012 00BF     		.align	2
 376              	.L35:
 377 0014 00000000 		.word	USBD_StrDesc
 378 0018 00000000 		.word	.LC1
 379              		.cfi_endproc
 380              	.LFE71:
 382              		.section	.rodata.USBD_FS_ConfigStrDescriptor.str1.4,"aMS",%progbits,1
 383              		.align	2
 384              	.LC2:
 385 0000 43757374 		.ascii	"Custom HID Config\000"
 385      6F6D2048 
 385      49442043 
 385      6F6E6669 
 385      6700
 386              		.section	.text.USBD_FS_ConfigStrDescriptor,"ax",%progbits
 387              		.align	1
 388              		.global	USBD_FS_ConfigStrDescriptor
 389              		.syntax unified
 390              		.thumb
 391              		.thumb_func
 393              	USBD_FS_ConfigStrDescriptor:
 394              	.LVL31:
 395              	.LFB73:
 301:USB_DEVICE/App/usbd_desc.c ****   if(speed == USBD_SPEED_HIGH)
 396              		.loc 1 301 1 is_stmt 1 view -0
 397              		.cfi_startproc
 398              		@ args = 0, pretend = 0, frame = 0
 399              		@ frame_needed = 0, uses_anonymous_args = 0
 301:USB_DEVICE/App/usbd_desc.c ****   if(speed == USBD_SPEED_HIGH)
 400              		.loc 1 301 1 is_stmt 0 view .LVU86
 401 0000 08B5     		push	{r3, lr}
 402              	.LCFI6:
 403              		.cfi_def_cfa_offset 8
 404              		.cfi_offset 3, -8
 405              		.cfi_offset 14, -4
 406 0002 0A46     		mov	r2, r1
 302:USB_DEVICE/App/usbd_desc.c ****   {
 407              		.loc 1 302 3 is_stmt 1 view .LVU87
 302:USB_DEVICE/App/usbd_desc.c ****   {
 408              		.loc 1 302 5 is_stmt 0 view .LVU88
 409 0004 28B9     		cbnz	r0, .L38
 304:USB_DEVICE/App/usbd_desc.c ****   }
 410              		.loc 1 304 5 is_stmt 1 view .LVU89
 411 0006 0549     		ldr	r1, .L41
 412              	.LVL32:
 304:USB_DEVICE/App/usbd_desc.c ****   }
 413              		.loc 1 304 5 is_stmt 0 view .LVU90
 414 0008 0548     		ldr	r0, .L41+4
 415              	.LVL33:
 304:USB_DEVICE/App/usbd_desc.c ****   }
 416              		.loc 1 304 5 view .LVU91
 417 000a FFF7FEFF 		bl	USBD_GetString
 418              	.LVL34:
 419              	.L39:
ARM GAS  /tmp/ccViCs7D.s 			page 16


 310:USB_DEVICE/App/usbd_desc.c **** }
 420              		.loc 1 310 3 is_stmt 1 view .LVU92
 311:USB_DEVICE/App/usbd_desc.c **** 
 421              		.loc 1 311 1 is_stmt 0 view .LVU93
 422 000e 0348     		ldr	r0, .L41
 423 0010 08BD     		pop	{r3, pc}
 424              	.LVL35:
 425              	.L38:
 308:USB_DEVICE/App/usbd_desc.c ****   }
 426              		.loc 1 308 5 is_stmt 1 view .LVU94
 427 0012 0249     		ldr	r1, .L41
 428              	.LVL36:
 308:USB_DEVICE/App/usbd_desc.c ****   }
 429              		.loc 1 308 5 is_stmt 0 view .LVU95
 430 0014 0248     		ldr	r0, .L41+4
 431              	.LVL37:
 308:USB_DEVICE/App/usbd_desc.c ****   }
 432              		.loc 1 308 5 view .LVU96
 433 0016 FFF7FEFF 		bl	USBD_GetString
 434              	.LVL38:
 308:USB_DEVICE/App/usbd_desc.c ****   }
 435              		.loc 1 308 5 view .LVU97
 436 001a F8E7     		b	.L39
 437              	.L42:
 438              		.align	2
 439              	.L41:
 440 001c 00000000 		.word	USBD_StrDesc
 441 0020 00000000 		.word	.LC2
 442              		.cfi_endproc
 443              	.LFE73:
 445              		.section	.rodata.USBD_FS_InterfaceStrDescriptor.str1.4,"aMS",%progbits,1
 446              		.align	2
 447              	.LC3:
 448 0000 43757374 		.ascii	"Custom HID Interface\000"
 448      6F6D2048 
 448      49442049 
 448      6E746572 
 448      66616365 
 449              		.section	.text.USBD_FS_InterfaceStrDescriptor,"ax",%progbits
 450              		.align	1
 451              		.global	USBD_FS_InterfaceStrDescriptor
 452              		.syntax unified
 453              		.thumb
 454              		.thumb_func
 456              	USBD_FS_InterfaceStrDescriptor:
 457              	.LVL39:
 458              	.LFB74:
 320:USB_DEVICE/App/usbd_desc.c ****   if(speed == 0)
 459              		.loc 1 320 1 is_stmt 1 view -0
 460              		.cfi_startproc
 461              		@ args = 0, pretend = 0, frame = 0
 462              		@ frame_needed = 0, uses_anonymous_args = 0
 320:USB_DEVICE/App/usbd_desc.c ****   if(speed == 0)
 463              		.loc 1 320 1 is_stmt 0 view .LVU99
 464 0000 08B5     		push	{r3, lr}
 465              	.LCFI7:
 466              		.cfi_def_cfa_offset 8
ARM GAS  /tmp/ccViCs7D.s 			page 17


 467              		.cfi_offset 3, -8
 468              		.cfi_offset 14, -4
 469 0002 0A46     		mov	r2, r1
 321:USB_DEVICE/App/usbd_desc.c ****   {
 470              		.loc 1 321 3 is_stmt 1 view .LVU100
 321:USB_DEVICE/App/usbd_desc.c ****   {
 471              		.loc 1 321 5 is_stmt 0 view .LVU101
 472 0004 28B9     		cbnz	r0, .L44
 323:USB_DEVICE/App/usbd_desc.c ****   }
 473              		.loc 1 323 5 is_stmt 1 view .LVU102
 474 0006 0549     		ldr	r1, .L47
 475              	.LVL40:
 323:USB_DEVICE/App/usbd_desc.c ****   }
 476              		.loc 1 323 5 is_stmt 0 view .LVU103
 477 0008 0548     		ldr	r0, .L47+4
 478              	.LVL41:
 323:USB_DEVICE/App/usbd_desc.c ****   }
 479              		.loc 1 323 5 view .LVU104
 480 000a FFF7FEFF 		bl	USBD_GetString
 481              	.LVL42:
 482              	.L45:
 329:USB_DEVICE/App/usbd_desc.c **** }
 483              		.loc 1 329 3 is_stmt 1 view .LVU105
 330:USB_DEVICE/App/usbd_desc.c **** 
 484              		.loc 1 330 1 is_stmt 0 view .LVU106
 485 000e 0348     		ldr	r0, .L47
 486 0010 08BD     		pop	{r3, pc}
 487              	.LVL43:
 488              	.L44:
 327:USB_DEVICE/App/usbd_desc.c ****   }
 489              		.loc 1 327 5 is_stmt 1 view .LVU107
 490 0012 0249     		ldr	r1, .L47
 491              	.LVL44:
 327:USB_DEVICE/App/usbd_desc.c ****   }
 492              		.loc 1 327 5 is_stmt 0 view .LVU108
 493 0014 0248     		ldr	r0, .L47+4
 494              	.LVL45:
 327:USB_DEVICE/App/usbd_desc.c ****   }
 495              		.loc 1 327 5 view .LVU109
 496 0016 FFF7FEFF 		bl	USBD_GetString
 497              	.LVL46:
 327:USB_DEVICE/App/usbd_desc.c ****   }
 498              		.loc 1 327 5 view .LVU110
 499 001a F8E7     		b	.L45
 500              	.L48:
 501              		.align	2
 502              	.L47:
 503 001c 00000000 		.word	USBD_StrDesc
 504 0020 00000000 		.word	.LC3
 505              		.cfi_endproc
 506              	.LFE74:
 508              		.global	USBD_StringSerial
 509              		.section	.data.USBD_StringSerial,"aw"
 510              		.align	2
 513              	USBD_StringSerial:
 514 0000 1A0300   		.ascii	"\032\003\000"
 515 0003 00000000 		.space	23
ARM GAS  /tmp/ccViCs7D.s 			page 18


 515      00000000 
 515      00000000 
 515      00000000 
 515      00000000 
 516              		.global	USBD_StrDesc
 517              		.section	.bss.USBD_StrDesc,"aw",%nobits
 518              		.align	2
 521              	USBD_StrDesc:
 522 0000 00000000 		.space	512
 522      00000000 
 522      00000000 
 522      00000000 
 522      00000000 
 523              		.global	USBD_LangIDDesc
 524              		.section	.data.USBD_LangIDDesc,"aw"
 525              		.align	2
 528              	USBD_LangIDDesc:
 529 0000 04030904 		.ascii	"\004\003\011\004"
 530              		.global	USBD_FS_DeviceDesc
 531              		.section	.data.USBD_FS_DeviceDesc,"aw"
 532              		.align	2
 535              	USBD_FS_DeviceDesc:
 536 0000 12010002 		.ascii	"\022\001\000\002\000\000\000@[\004bW\000\002\001\002"
 536      00000040 
 536      5B046257 
 536      00020102 
 537 0010 0301     		.ascii	"\003\001"
 538              		.global	FS_Desc
 539              		.section	.data.FS_Desc,"aw"
 540              		.align	2
 543              	FS_Desc:
 544 0000 00000000 		.word	USBD_FS_DeviceDescriptor
 545 0004 00000000 		.word	USBD_FS_LangIDStrDescriptor
 546 0008 00000000 		.word	USBD_FS_ManufacturerStrDescriptor
 547 000c 00000000 		.word	USBD_FS_ProductStrDescriptor
 548 0010 00000000 		.word	USBD_FS_SerialStrDescriptor
 549 0014 00000000 		.word	USBD_FS_ConfigStrDescriptor
 550 0018 00000000 		.word	USBD_FS_InterfaceStrDescriptor
 551              		.text
 552              	.Letext0:
 553              		.file 2 "/usr/arm-none-eabi/include/machine/_default_types.h"
 554              		.file 3 "/usr/arm-none-eabi/include/sys/_stdint.h"
 555              		.file 4 "Middlewares/ST/STM32_USB_Device_Library/Core/Inc/usbd_def.h"
 556              		.file 5 "USB_DEVICE/App/usbd_desc.h"
 557              		.file 6 "Middlewares/ST/STM32_USB_Device_Library/Core/Inc/usbd_ctlreq.h"
ARM GAS  /tmp/ccViCs7D.s 			page 19


DEFINED SYMBOLS
                            *ABS*:00000000 usbd_desc.c
     /tmp/ccViCs7D.s:19     .text.USBD_FS_DeviceDescriptor:00000000 $t
     /tmp/ccViCs7D.s:25     .text.USBD_FS_DeviceDescriptor:00000000 USBD_FS_DeviceDescriptor
     /tmp/ccViCs7D.s:47     .text.USBD_FS_DeviceDescriptor:00000008 $d
     /tmp/ccViCs7D.s:535    .data.USBD_FS_DeviceDesc:00000000 USBD_FS_DeviceDesc
     /tmp/ccViCs7D.s:52     .text.USBD_FS_LangIDStrDescriptor:00000000 $t
     /tmp/ccViCs7D.s:58     .text.USBD_FS_LangIDStrDescriptor:00000000 USBD_FS_LangIDStrDescriptor
     /tmp/ccViCs7D.s:80     .text.USBD_FS_LangIDStrDescriptor:00000008 $d
     /tmp/ccViCs7D.s:528    .data.USBD_LangIDDesc:00000000 USBD_LangIDDesc
     /tmp/ccViCs7D.s:85     .text.IntToUnicode:00000000 $t
     /tmp/ccViCs7D.s:90     .text.IntToUnicode:00000000 IntToUnicode
     /tmp/ccViCs7D.s:165    .text.Get_SerialNum:00000000 $t
     /tmp/ccViCs7D.s:170    .text.Get_SerialNum:00000000 Get_SerialNum
     /tmp/ccViCs7D.s:227    .text.Get_SerialNum:00000030 $d
     /tmp/ccViCs7D.s:513    .data.USBD_StringSerial:00000000 USBD_StringSerial
     /tmp/ccViCs7D.s:233    .text.USBD_FS_SerialStrDescriptor:00000000 $t
     /tmp/ccViCs7D.s:239    .text.USBD_FS_SerialStrDescriptor:00000000 USBD_FS_SerialStrDescriptor
     /tmp/ccViCs7D.s:267    .text.USBD_FS_SerialStrDescriptor:00000010 $d
     /tmp/ccViCs7D.s:272    .rodata.USBD_FS_ProductStrDescriptor.str1.4:00000000 $d
     /tmp/ccViCs7D.s:276    .text.USBD_FS_ProductStrDescriptor:00000000 $t
     /tmp/ccViCs7D.s:282    .text.USBD_FS_ProductStrDescriptor:00000000 USBD_FS_ProductStrDescriptor
     /tmp/ccViCs7D.s:329    .text.USBD_FS_ProductStrDescriptor:0000001c $d
     /tmp/ccViCs7D.s:521    .bss.USBD_StrDesc:00000000 USBD_StrDesc
     /tmp/ccViCs7D.s:335    .rodata.USBD_FS_ManufacturerStrDescriptor.str1.4:00000000 $d
     /tmp/ccViCs7D.s:339    .text.USBD_FS_ManufacturerStrDescriptor:00000000 $t
     /tmp/ccViCs7D.s:345    .text.USBD_FS_ManufacturerStrDescriptor:00000000 USBD_FS_ManufacturerStrDescriptor
     /tmp/ccViCs7D.s:377    .text.USBD_FS_ManufacturerStrDescriptor:00000014 $d
     /tmp/ccViCs7D.s:383    .rodata.USBD_FS_ConfigStrDescriptor.str1.4:00000000 $d
     /tmp/ccViCs7D.s:387    .text.USBD_FS_ConfigStrDescriptor:00000000 $t
     /tmp/ccViCs7D.s:393    .text.USBD_FS_ConfigStrDescriptor:00000000 USBD_FS_ConfigStrDescriptor
     /tmp/ccViCs7D.s:440    .text.USBD_FS_ConfigStrDescriptor:0000001c $d
     /tmp/ccViCs7D.s:446    .rodata.USBD_FS_InterfaceStrDescriptor.str1.4:00000000 $d
     /tmp/ccViCs7D.s:450    .text.USBD_FS_InterfaceStrDescriptor:00000000 $t
     /tmp/ccViCs7D.s:456    .text.USBD_FS_InterfaceStrDescriptor:00000000 USBD_FS_InterfaceStrDescriptor
     /tmp/ccViCs7D.s:503    .text.USBD_FS_InterfaceStrDescriptor:0000001c $d
     /tmp/ccViCs7D.s:510    .data.USBD_StringSerial:00000000 $d
     /tmp/ccViCs7D.s:518    .bss.USBD_StrDesc:00000000 $d
     /tmp/ccViCs7D.s:525    .data.USBD_LangIDDesc:00000000 $d
     /tmp/ccViCs7D.s:532    .data.USBD_FS_DeviceDesc:00000000 $d
     /tmp/ccViCs7D.s:543    .data.FS_Desc:00000000 FS_Desc
     /tmp/ccViCs7D.s:540    .data.FS_Desc:00000000 $d

UNDEFINED SYMBOLS
USBD_GetString
