ARM GAS  /tmp/ccsXXvFm.s 			page 1


   1              		.cpu cortex-m3
   2              		.arch armv7-m
   3              		.fpu softvfp
   4              		.eabi_attribute 20, 1
   5              		.eabi_attribute 21, 1
   6              		.eabi_attribute 23, 3
   7              		.eabi_attribute 24, 1
   8              		.eabi_attribute 25, 1
   9              		.eabi_attribute 26, 1
  10              		.eabi_attribute 30, 1
  11              		.eabi_attribute 34, 1
  12              		.eabi_attribute 18, 4
  13              		.file	"usbd_custom_hid_if.c"
  14              		.text
  15              	.Ltext0:
  16              		.cfi_sections	.debug_frame
  17              		.file 1 "USB_DEVICE/App/usbd_custom_hid_if.c"
  18              		.section	.text.CUSTOM_HID_Init_FS,"ax",%progbits
  19              		.align	1
  20              		.syntax unified
  21              		.thumb
  22              		.thumb_func
  24              	CUSTOM_HID_Init_FS:
  25              	.LFB68:
   1:USB_DEVICE/App/usbd_custom_hid_if.c **** /* USER CODE BEGIN Header */
   2:USB_DEVICE/App/usbd_custom_hid_if.c **** /**
   3:USB_DEVICE/App/usbd_custom_hid_if.c ****   ******************************************************************************
   4:USB_DEVICE/App/usbd_custom_hid_if.c ****   * @file           : usbd_custom_hid_if.c
   5:USB_DEVICE/App/usbd_custom_hid_if.c ****   * @version        : v2.0_Cube
   6:USB_DEVICE/App/usbd_custom_hid_if.c ****   * @brief          : USB Device Custom HID interface file.
   7:USB_DEVICE/App/usbd_custom_hid_if.c ****   ******************************************************************************
   8:USB_DEVICE/App/usbd_custom_hid_if.c ****   * @attention
   9:USB_DEVICE/App/usbd_custom_hid_if.c ****   *
  10:USB_DEVICE/App/usbd_custom_hid_if.c ****   * Copyright (c) 2023 STMicroelectronics.
  11:USB_DEVICE/App/usbd_custom_hid_if.c ****   * All rights reserved.
  12:USB_DEVICE/App/usbd_custom_hid_if.c ****   *
  13:USB_DEVICE/App/usbd_custom_hid_if.c ****   * This software is licensed under terms that can be found in the LICENSE file
  14:USB_DEVICE/App/usbd_custom_hid_if.c ****   * in the root directory of this software component.
  15:USB_DEVICE/App/usbd_custom_hid_if.c ****   * If no LICENSE file comes with this software, it is provided AS-IS.
  16:USB_DEVICE/App/usbd_custom_hid_if.c ****   *
  17:USB_DEVICE/App/usbd_custom_hid_if.c ****   ******************************************************************************
  18:USB_DEVICE/App/usbd_custom_hid_if.c ****   */
  19:USB_DEVICE/App/usbd_custom_hid_if.c **** /* USER CODE END Header */
  20:USB_DEVICE/App/usbd_custom_hid_if.c **** 
  21:USB_DEVICE/App/usbd_custom_hid_if.c **** /* Includes ------------------------------------------------------------------*/
  22:USB_DEVICE/App/usbd_custom_hid_if.c **** #include "usbd_custom_hid_if.h"
  23:USB_DEVICE/App/usbd_custom_hid_if.c **** 
  24:USB_DEVICE/App/usbd_custom_hid_if.c **** /* USER CODE BEGIN INCLUDE */
  25:USB_DEVICE/App/usbd_custom_hid_if.c **** 
  26:USB_DEVICE/App/usbd_custom_hid_if.c **** /* USER CODE END INCLUDE */
  27:USB_DEVICE/App/usbd_custom_hid_if.c **** 
  28:USB_DEVICE/App/usbd_custom_hid_if.c **** /* Private typedef -----------------------------------------------------------*/
  29:USB_DEVICE/App/usbd_custom_hid_if.c **** /* Private define ------------------------------------------------------------*/
  30:USB_DEVICE/App/usbd_custom_hid_if.c **** /* Private macro -------------------------------------------------------------*/
  31:USB_DEVICE/App/usbd_custom_hid_if.c **** 
  32:USB_DEVICE/App/usbd_custom_hid_if.c **** /* USER CODE BEGIN PV */
  33:USB_DEVICE/App/usbd_custom_hid_if.c **** /* Private variables ---------------------------------------------------------*/
ARM GAS  /tmp/ccsXXvFm.s 			page 2


  34:USB_DEVICE/App/usbd_custom_hid_if.c **** 
  35:USB_DEVICE/App/usbd_custom_hid_if.c **** /* USER CODE END PV */
  36:USB_DEVICE/App/usbd_custom_hid_if.c **** 
  37:USB_DEVICE/App/usbd_custom_hid_if.c **** /** @addtogroup STM32_USB_OTG_DEVICE_LIBRARY
  38:USB_DEVICE/App/usbd_custom_hid_if.c ****   * @brief Usb device.
  39:USB_DEVICE/App/usbd_custom_hid_if.c ****   * @{
  40:USB_DEVICE/App/usbd_custom_hid_if.c ****   */
  41:USB_DEVICE/App/usbd_custom_hid_if.c **** 
  42:USB_DEVICE/App/usbd_custom_hid_if.c **** /** @addtogroup USBD_CUSTOM_HID
  43:USB_DEVICE/App/usbd_custom_hid_if.c ****   * @{
  44:USB_DEVICE/App/usbd_custom_hid_if.c ****   */
  45:USB_DEVICE/App/usbd_custom_hid_if.c **** 
  46:USB_DEVICE/App/usbd_custom_hid_if.c **** /** @defgroup USBD_CUSTOM_HID_Private_TypesDefinitions USBD_CUSTOM_HID_Private_TypesDefinitions
  47:USB_DEVICE/App/usbd_custom_hid_if.c ****   * @brief Private types.
  48:USB_DEVICE/App/usbd_custom_hid_if.c ****   * @{
  49:USB_DEVICE/App/usbd_custom_hid_if.c ****   */
  50:USB_DEVICE/App/usbd_custom_hid_if.c **** 
  51:USB_DEVICE/App/usbd_custom_hid_if.c **** /* USER CODE BEGIN PRIVATE_TYPES */
  52:USB_DEVICE/App/usbd_custom_hid_if.c **** 
  53:USB_DEVICE/App/usbd_custom_hid_if.c **** /* USER CODE END PRIVATE_TYPES */
  54:USB_DEVICE/App/usbd_custom_hid_if.c **** 
  55:USB_DEVICE/App/usbd_custom_hid_if.c **** /**
  56:USB_DEVICE/App/usbd_custom_hid_if.c ****   * @}
  57:USB_DEVICE/App/usbd_custom_hid_if.c ****   */
  58:USB_DEVICE/App/usbd_custom_hid_if.c **** 
  59:USB_DEVICE/App/usbd_custom_hid_if.c **** /** @defgroup USBD_CUSTOM_HID_Private_Defines USBD_CUSTOM_HID_Private_Defines
  60:USB_DEVICE/App/usbd_custom_hid_if.c ****   * @brief Private defines.
  61:USB_DEVICE/App/usbd_custom_hid_if.c ****   * @{
  62:USB_DEVICE/App/usbd_custom_hid_if.c ****   */
  63:USB_DEVICE/App/usbd_custom_hid_if.c **** 
  64:USB_DEVICE/App/usbd_custom_hid_if.c **** /* USER CODE BEGIN PRIVATE_DEFINES */
  65:USB_DEVICE/App/usbd_custom_hid_if.c **** 
  66:USB_DEVICE/App/usbd_custom_hid_if.c **** /* USER CODE END PRIVATE_DEFINES */
  67:USB_DEVICE/App/usbd_custom_hid_if.c **** 
  68:USB_DEVICE/App/usbd_custom_hid_if.c **** /**
  69:USB_DEVICE/App/usbd_custom_hid_if.c ****   * @}
  70:USB_DEVICE/App/usbd_custom_hid_if.c ****   */
  71:USB_DEVICE/App/usbd_custom_hid_if.c **** 
  72:USB_DEVICE/App/usbd_custom_hid_if.c **** /** @defgroup USBD_CUSTOM_HID_Private_Macros USBD_CUSTOM_HID_Private_Macros
  73:USB_DEVICE/App/usbd_custom_hid_if.c ****   * @brief Private macros.
  74:USB_DEVICE/App/usbd_custom_hid_if.c ****   * @{
  75:USB_DEVICE/App/usbd_custom_hid_if.c ****   */
  76:USB_DEVICE/App/usbd_custom_hid_if.c **** 
  77:USB_DEVICE/App/usbd_custom_hid_if.c **** /* USER CODE BEGIN PRIVATE_MACRO */
  78:USB_DEVICE/App/usbd_custom_hid_if.c **** 
  79:USB_DEVICE/App/usbd_custom_hid_if.c **** /* USER CODE END PRIVATE_MACRO */
  80:USB_DEVICE/App/usbd_custom_hid_if.c **** 
  81:USB_DEVICE/App/usbd_custom_hid_if.c **** /**
  82:USB_DEVICE/App/usbd_custom_hid_if.c ****   * @}
  83:USB_DEVICE/App/usbd_custom_hid_if.c ****   */
  84:USB_DEVICE/App/usbd_custom_hid_if.c **** 
  85:USB_DEVICE/App/usbd_custom_hid_if.c **** /** @defgroup USBD_CUSTOM_HID_Private_Variables USBD_CUSTOM_HID_Private_Variables
  86:USB_DEVICE/App/usbd_custom_hid_if.c ****   * @brief Private variables.
  87:USB_DEVICE/App/usbd_custom_hid_if.c ****   * @{
  88:USB_DEVICE/App/usbd_custom_hid_if.c ****   */
  89:USB_DEVICE/App/usbd_custom_hid_if.c **** 
  90:USB_DEVICE/App/usbd_custom_hid_if.c **** /** Usb HID report descriptor. */
ARM GAS  /tmp/ccsXXvFm.s 			page 3


  91:USB_DEVICE/App/usbd_custom_hid_if.c **** __ALIGN_BEGIN static uint8_t CUSTOM_HID_ReportDesc_FS[USBD_CUSTOM_HID_REPORT_DESC_SIZE] __ALIGN_END
  92:USB_DEVICE/App/usbd_custom_hid_if.c **** {
  93:USB_DEVICE/App/usbd_custom_hid_if.c ****   /* USER CODE BEGIN 0 */
  94:USB_DEVICE/App/usbd_custom_hid_if.c ****   0x00,
  95:USB_DEVICE/App/usbd_custom_hid_if.c ****   /* USER CODE END 0 */
  96:USB_DEVICE/App/usbd_custom_hid_if.c ****   0xC0    /*     END_COLLECTION	             */
  97:USB_DEVICE/App/usbd_custom_hid_if.c **** };
  98:USB_DEVICE/App/usbd_custom_hid_if.c **** 
  99:USB_DEVICE/App/usbd_custom_hid_if.c **** /* USER CODE BEGIN PRIVATE_VARIABLES */
 100:USB_DEVICE/App/usbd_custom_hid_if.c **** 
 101:USB_DEVICE/App/usbd_custom_hid_if.c **** /* USER CODE END PRIVATE_VARIABLES */
 102:USB_DEVICE/App/usbd_custom_hid_if.c **** 
 103:USB_DEVICE/App/usbd_custom_hid_if.c **** /**
 104:USB_DEVICE/App/usbd_custom_hid_if.c ****   * @}
 105:USB_DEVICE/App/usbd_custom_hid_if.c ****   */
 106:USB_DEVICE/App/usbd_custom_hid_if.c **** 
 107:USB_DEVICE/App/usbd_custom_hid_if.c **** /** @defgroup USBD_CUSTOM_HID_Exported_Variables USBD_CUSTOM_HID_Exported_Variables
 108:USB_DEVICE/App/usbd_custom_hid_if.c ****   * @brief Public variables.
 109:USB_DEVICE/App/usbd_custom_hid_if.c ****   * @{
 110:USB_DEVICE/App/usbd_custom_hid_if.c ****   */
 111:USB_DEVICE/App/usbd_custom_hid_if.c **** extern USBD_HandleTypeDef hUsbDeviceFS;
 112:USB_DEVICE/App/usbd_custom_hid_if.c **** 
 113:USB_DEVICE/App/usbd_custom_hid_if.c **** /* USER CODE BEGIN EXPORTED_VARIABLES */
 114:USB_DEVICE/App/usbd_custom_hid_if.c **** 
 115:USB_DEVICE/App/usbd_custom_hid_if.c **** /* USER CODE END EXPORTED_VARIABLES */
 116:USB_DEVICE/App/usbd_custom_hid_if.c **** /**
 117:USB_DEVICE/App/usbd_custom_hid_if.c ****   * @}
 118:USB_DEVICE/App/usbd_custom_hid_if.c ****   */
 119:USB_DEVICE/App/usbd_custom_hid_if.c **** 
 120:USB_DEVICE/App/usbd_custom_hid_if.c **** /** @defgroup USBD_CUSTOM_HID_Private_FunctionPrototypes USBD_CUSTOM_HID_Private_FunctionPrototypes
 121:USB_DEVICE/App/usbd_custom_hid_if.c ****   * @brief Private functions declaration.
 122:USB_DEVICE/App/usbd_custom_hid_if.c ****   * @{
 123:USB_DEVICE/App/usbd_custom_hid_if.c ****   */
 124:USB_DEVICE/App/usbd_custom_hid_if.c **** 
 125:USB_DEVICE/App/usbd_custom_hid_if.c **** static int8_t CUSTOM_HID_Init_FS(void);
 126:USB_DEVICE/App/usbd_custom_hid_if.c **** static int8_t CUSTOM_HID_DeInit_FS(void);
 127:USB_DEVICE/App/usbd_custom_hid_if.c **** static int8_t CUSTOM_HID_OutEvent_FS(uint8_t event_idx, uint8_t state);
 128:USB_DEVICE/App/usbd_custom_hid_if.c **** 
 129:USB_DEVICE/App/usbd_custom_hid_if.c **** /**
 130:USB_DEVICE/App/usbd_custom_hid_if.c ****   * @}
 131:USB_DEVICE/App/usbd_custom_hid_if.c ****   */
 132:USB_DEVICE/App/usbd_custom_hid_if.c **** 
 133:USB_DEVICE/App/usbd_custom_hid_if.c **** USBD_CUSTOM_HID_ItfTypeDef USBD_CustomHID_fops_FS =
 134:USB_DEVICE/App/usbd_custom_hid_if.c **** {
 135:USB_DEVICE/App/usbd_custom_hid_if.c ****   CUSTOM_HID_ReportDesc_FS,
 136:USB_DEVICE/App/usbd_custom_hid_if.c ****   CUSTOM_HID_Init_FS,
 137:USB_DEVICE/App/usbd_custom_hid_if.c ****   CUSTOM_HID_DeInit_FS,
 138:USB_DEVICE/App/usbd_custom_hid_if.c ****   CUSTOM_HID_OutEvent_FS
 139:USB_DEVICE/App/usbd_custom_hid_if.c **** };
 140:USB_DEVICE/App/usbd_custom_hid_if.c **** 
 141:USB_DEVICE/App/usbd_custom_hid_if.c **** /** @defgroup USBD_CUSTOM_HID_Private_Functions USBD_CUSTOM_HID_Private_Functions
 142:USB_DEVICE/App/usbd_custom_hid_if.c ****   * @brief Private functions.
 143:USB_DEVICE/App/usbd_custom_hid_if.c ****   * @{
 144:USB_DEVICE/App/usbd_custom_hid_if.c ****   */
 145:USB_DEVICE/App/usbd_custom_hid_if.c **** 
 146:USB_DEVICE/App/usbd_custom_hid_if.c **** /* Private functions ---------------------------------------------------------*/
 147:USB_DEVICE/App/usbd_custom_hid_if.c **** 
ARM GAS  /tmp/ccsXXvFm.s 			page 4


 148:USB_DEVICE/App/usbd_custom_hid_if.c **** /**
 149:USB_DEVICE/App/usbd_custom_hid_if.c ****   * @brief  Initializes the CUSTOM HID media low layer
 150:USB_DEVICE/App/usbd_custom_hid_if.c ****   * @retval USBD_OK if all operations are OK else USBD_FAIL
 151:USB_DEVICE/App/usbd_custom_hid_if.c ****   */
 152:USB_DEVICE/App/usbd_custom_hid_if.c **** static int8_t CUSTOM_HID_Init_FS(void)
 153:USB_DEVICE/App/usbd_custom_hid_if.c **** {
  26              		.loc 1 153 1 view -0
  27              		.cfi_startproc
  28              		@ args = 0, pretend = 0, frame = 0
  29              		@ frame_needed = 0, uses_anonymous_args = 0
  30              		@ link register save eliminated.
 154:USB_DEVICE/App/usbd_custom_hid_if.c ****   /* USER CODE BEGIN 4 */
 155:USB_DEVICE/App/usbd_custom_hid_if.c ****   return (USBD_OK);
  31              		.loc 1 155 3 view .LVU1
 156:USB_DEVICE/App/usbd_custom_hid_if.c ****   /* USER CODE END 4 */
 157:USB_DEVICE/App/usbd_custom_hid_if.c **** }
  32              		.loc 1 157 1 is_stmt 0 view .LVU2
  33 0000 0020     		movs	r0, #0
  34 0002 7047     		bx	lr
  35              		.cfi_endproc
  36              	.LFE68:
  38              		.section	.text.CUSTOM_HID_DeInit_FS,"ax",%progbits
  39              		.align	1
  40              		.syntax unified
  41              		.thumb
  42              		.thumb_func
  44              	CUSTOM_HID_DeInit_FS:
  45              	.LFB69:
 158:USB_DEVICE/App/usbd_custom_hid_if.c **** 
 159:USB_DEVICE/App/usbd_custom_hid_if.c **** /**
 160:USB_DEVICE/App/usbd_custom_hid_if.c ****   * @brief  DeInitializes the CUSTOM HID media low layer
 161:USB_DEVICE/App/usbd_custom_hid_if.c ****   * @retval USBD_OK if all operations are OK else USBD_FAIL
 162:USB_DEVICE/App/usbd_custom_hid_if.c ****   */
 163:USB_DEVICE/App/usbd_custom_hid_if.c **** static int8_t CUSTOM_HID_DeInit_FS(void)
 164:USB_DEVICE/App/usbd_custom_hid_if.c **** {
  46              		.loc 1 164 1 is_stmt 1 view -0
  47              		.cfi_startproc
  48              		@ args = 0, pretend = 0, frame = 0
  49              		@ frame_needed = 0, uses_anonymous_args = 0
  50              		@ link register save eliminated.
 165:USB_DEVICE/App/usbd_custom_hid_if.c ****   /* USER CODE BEGIN 5 */
 166:USB_DEVICE/App/usbd_custom_hid_if.c ****   return (USBD_OK);
  51              		.loc 1 166 3 view .LVU4
 167:USB_DEVICE/App/usbd_custom_hid_if.c ****   /* USER CODE END 5 */
 168:USB_DEVICE/App/usbd_custom_hid_if.c **** }
  52              		.loc 1 168 1 is_stmt 0 view .LVU5
  53 0000 0020     		movs	r0, #0
  54 0002 7047     		bx	lr
  55              		.cfi_endproc
  56              	.LFE69:
  58              		.section	.text.CUSTOM_HID_OutEvent_FS,"ax",%progbits
  59              		.align	1
  60              		.syntax unified
  61              		.thumb
  62              		.thumb_func
  64              	CUSTOM_HID_OutEvent_FS:
  65              	.LVL0:
ARM GAS  /tmp/ccsXXvFm.s 			page 5


  66              	.LFB70:
 169:USB_DEVICE/App/usbd_custom_hid_if.c **** 
 170:USB_DEVICE/App/usbd_custom_hid_if.c **** /**
 171:USB_DEVICE/App/usbd_custom_hid_if.c ****   * @brief  Manage the CUSTOM HID class events
 172:USB_DEVICE/App/usbd_custom_hid_if.c ****   * @param  event_idx: Event index
 173:USB_DEVICE/App/usbd_custom_hid_if.c ****   * @param  state: Event state
 174:USB_DEVICE/App/usbd_custom_hid_if.c ****   * @retval USBD_OK if all operations are OK else USBD_FAIL
 175:USB_DEVICE/App/usbd_custom_hid_if.c ****   */
 176:USB_DEVICE/App/usbd_custom_hid_if.c **** static int8_t CUSTOM_HID_OutEvent_FS(uint8_t event_idx, uint8_t state)
 177:USB_DEVICE/App/usbd_custom_hid_if.c **** {
  67              		.loc 1 177 1 is_stmt 1 view -0
  68              		.cfi_startproc
  69              		@ args = 0, pretend = 0, frame = 0
  70              		@ frame_needed = 0, uses_anonymous_args = 0
  71              		@ link register save eliminated.
 178:USB_DEVICE/App/usbd_custom_hid_if.c ****   /* USER CODE BEGIN 6 */
 179:USB_DEVICE/App/usbd_custom_hid_if.c ****   return (USBD_OK);
  72              		.loc 1 179 3 view .LVU7
 180:USB_DEVICE/App/usbd_custom_hid_if.c ****   /* USER CODE END 6 */
 181:USB_DEVICE/App/usbd_custom_hid_if.c **** }
  73              		.loc 1 181 1 is_stmt 0 view .LVU8
  74 0000 0020     		movs	r0, #0
  75              	.LVL1:
  76              		.loc 1 181 1 view .LVU9
  77 0002 7047     		bx	lr
  78              		.cfi_endproc
  79              	.LFE70:
  81              		.global	USBD_CustomHID_fops_FS
  82              		.section	.data.USBD_CustomHID_fops_FS,"aw"
  83              		.align	2
  86              	USBD_CustomHID_fops_FS:
  87 0000 00000000 		.word	CUSTOM_HID_ReportDesc_FS
  88 0004 00000000 		.word	CUSTOM_HID_Init_FS
  89 0008 00000000 		.word	CUSTOM_HID_DeInit_FS
  90 000c 00000000 		.word	CUSTOM_HID_OutEvent_FS
  91              		.section	.data.CUSTOM_HID_ReportDesc_FS,"aw"
  92              		.align	2
  95              	CUSTOM_HID_ReportDesc_FS:
  96 0000 00C0     		.ascii	"\000\300"
  97              		.text
  98              	.Letext0:
  99              		.file 2 "/usr/arm-none-eabi/include/machine/_default_types.h"
 100              		.file 3 "/usr/arm-none-eabi/include/sys/_stdint.h"
 101              		.file 4 "Middlewares/ST/STM32_USB_Device_Library/Class/CustomHID/Inc/usbd_customhid.h"
 102              		.file 5 "USB_DEVICE/App/usbd_custom_hid_if.h"
 103              		.file 6 "Middlewares/ST/STM32_USB_Device_Library/Core/Inc/usbd_def.h"
ARM GAS  /tmp/ccsXXvFm.s 			page 6


DEFINED SYMBOLS
                            *ABS*:00000000 usbd_custom_hid_if.c
     /tmp/ccsXXvFm.s:19     .text.CUSTOM_HID_Init_FS:00000000 $t
     /tmp/ccsXXvFm.s:24     .text.CUSTOM_HID_Init_FS:00000000 CUSTOM_HID_Init_FS
     /tmp/ccsXXvFm.s:39     .text.CUSTOM_HID_DeInit_FS:00000000 $t
     /tmp/ccsXXvFm.s:44     .text.CUSTOM_HID_DeInit_FS:00000000 CUSTOM_HID_DeInit_FS
     /tmp/ccsXXvFm.s:59     .text.CUSTOM_HID_OutEvent_FS:00000000 $t
     /tmp/ccsXXvFm.s:64     .text.CUSTOM_HID_OutEvent_FS:00000000 CUSTOM_HID_OutEvent_FS
     /tmp/ccsXXvFm.s:86     .data.USBD_CustomHID_fops_FS:00000000 USBD_CustomHID_fops_FS
     /tmp/ccsXXvFm.s:83     .data.USBD_CustomHID_fops_FS:00000000 $d
     /tmp/ccsXXvFm.s:95     .data.CUSTOM_HID_ReportDesc_FS:00000000 CUSTOM_HID_ReportDesc_FS
     /tmp/ccsXXvFm.s:92     .data.CUSTOM_HID_ReportDesc_FS:00000000 $d

NO UNDEFINED SYMBOLS
